<?xml version="1.0" encoding="UTF-8"?><testsuite errors="1" failures="0" name="features.navigation.WhenBrowsingProductCategories" skipped="0" tests="1" time="1.14" timestamp="2018-10-22T15:27:12.265-04:00[America/New_York]"><testcase classname="features.navigation.WhenBrowsingProductCategories" name="Should be able to navigate to the motors category"><error message="Could not instantiate class org.openqa.selenium.firefox.FirefoxDriver" type="net.thucydides.core.webdriver.UnsupportedDriverException">Could not instantiate class org.openqa.selenium.firefox.FirefoxDriver</error><system-err>Could not instantiate class org.openqa.selenium.firefox.FirefoxDriver&#13;
steps.NavigatingUser.isOnTheHomePage(NavigatingUser.java:19)&#13;
features.navigation.WhenBrowsingProductCategories.shouldBeAbleToNavigateToTheMotorsCategory(WhenBrowsingProductCategories.java:26)&#13;
org.eclipse.jdt.internal.junit4.runner.JUnit4TestReference.run(JUnit4TestReference.java:86)&#13;
org.eclipse.jdt.internal.junit.runner.TestExecution.run(TestExecution.java:38)&#13;
org.eclipse.jdt.internal.junit.runner.RemoteTestRunner.runTests(RemoteTestRunner.java:459)&#13;
org.eclipse.jdt.internal.junit.runner.RemoteTestRunner.runTests(RemoteTestRunner.java:678)&#13;
org.eclipse.jdt.internal.junit.runner.RemoteTestRunner.run(RemoteTestRunner.java:382)&#13;
org.eclipse.jdt.internal.junit.runner.RemoteTestRunner.main(RemoteTestRunner.java:192)&#13;
</system-err></testcase></testsuite>